{"/var/www/dotenv-parser/dotenv-loader.js":{"path":"/var/www/dotenv-parser/dotenv-loader.js","s":{"1":1,"2":1,"3":1,"4":15,"5":15,"6":15,"7":1,"8":15,"9":1,"10":19,"11":19,"12":3,"13":19,"14":1,"15":17,"16":1,"17":16,"18":1,"19":114,"20":100,"21":100},"b":{"1":[3,16],"2":[14,5],"3":[5,2],"4":[100,14]},"f":{"1":15,"2":19,"3":17,"4":16,"5":114},"fnMap":{"1":{"name":"load","line":19,"loc":{"start":{"line":19,"column":0},"end":{"line":19,"column":24}}},"2":{"name":"get","line":40,"loc":{"start":{"line":40,"column":0},"end":{"line":40,"column":29}}},"3":{"name":"_setSettings","line":58,"loc":{"start":{"line":58,"column":0},"end":{"line":58,"column":32}}},"4":{"name":"_readEnvFile","line":68,"loc":{"start":{"line":68,"column":0},"end":{"line":68,"column":33}}},"5":{"name":"_setProcessEnv","line":77,"loc":{"start":{"line":77,"column":0},"end":{"line":77,"column":30}}}},"statementMap":{"1":{"start":{"line":3,"column":0},"end":{"line":10,"column":6}},"2":{"start":{"line":12,"column":0},"end":{"line":12,"column":86}},"3":{"start":{"line":19,"column":0},"end":{"line":31,"column":1}},"4":{"start":{"line":20,"column":4},"end":{"line":22,"column":35}},"5":{"start":{"line":24,"column":4},"end":{"line":30,"column":5}},"6":{"start":{"line":25,"column":8},"end":{"line":25,"column":55}},"7":{"start":{"line":27,"column":8},"end":{"line":27,"column":33}},"8":{"start":{"line":29,"column":8},"end":{"line":29,"column":21}},"9":{"start":{"line":40,"column":0},"end":{"line":50,"column":1}},"10":{"start":{"line":41,"column":4},"end":{"line":44,"column":51}},"11":{"start":{"line":46,"column":4},"end":{"line":48,"column":5}},"12":{"start":{"line":47,"column":8},"end":{"line":47,"column":37}},"13":{"start":{"line":49,"column":4},"end":{"line":49,"column":61}},"14":{"start":{"line":58,"column":0},"end":{"line":60,"column":1}},"15":{"start":{"line":59,"column":4},"end":{"line":59,"column":48}},"16":{"start":{"line":68,"column":0},"end":{"line":70,"column":1}},"17":{"start":{"line":69,"column":4},"end":{"line":69,"column":85}},"18":{"start":{"line":77,"column":0},"end":{"line":86,"column":1}},"19":{"start":{"line":78,"column":4},"end":{"line":85,"column":5}},"20":{"start":{"line":79,"column":8},"end":{"line":82,"column":25}},"21":{"start":{"line":84,"column":8},"end":{"line":84,"column":45}}},"branchMap":{"1":{"line":46,"type":"if","locations":[{"start":{"line":46,"column":4},"end":{"line":46,"column":4}},{"start":{"line":46,"column":4},"end":{"line":46,"column":4}}]},"2":{"line":49,"type":"cond-expr","locations":[{"start":{"line":49,"column":17},"end":{"line":49,"column":41}},{"start":{"line":49,"column":44},"end":{"line":49,"column":60}}]},"3":{"line":49,"type":"binary-expr","locations":[{"start":{"line":49,"column":44},"end":{"line":49,"column":52}},{"start":{"line":49,"column":56},"end":{"line":49,"column":60}}]},"4":{"line":78,"type":"if","locations":[{"start":{"line":78,"column":4},"end":{"line":78,"column":4}},{"start":{"line":78,"column":4},"end":{"line":78,"column":4}}]}}}}