{"/var/www/dotenv-parser/dotenv-loader.js":{"path":"/var/www/dotenv-parser/dotenv-loader.js","s":{"1":1,"2":1,"3":1,"4":15,"5":15,"6":15,"7":1,"8":15,"9":1,"10":19,"11":19,"12":3,"13":19},"b":{"1":[3,16],"2":[14,5],"3":[5,2]},"f":{"1":15,"2":19},"fnMap":{"1":{"name":"load","line":15,"loc":{"start":{"line":15,"column":0},"end":{"line":15,"column":24}}},"2":{"name":"get","line":36,"loc":{"start":{"line":36,"column":0},"end":{"line":36,"column":29}}}},"statementMap":{"1":{"start":{"line":3,"column":0},"end":{"line":6,"column":37}},"2":{"start":{"line":8,"column":0},"end":{"line":8,"column":29}},"3":{"start":{"line":15,"column":0},"end":{"line":27,"column":1}},"4":{"start":{"line":16,"column":4},"end":{"line":18,"column":35}},"5":{"start":{"line":20,"column":4},"end":{"line":26,"column":5}},"6":{"start":{"line":21,"column":8},"end":{"line":21,"column":61}},"7":{"start":{"line":23,"column":8},"end":{"line":23,"column":33}},"8":{"start":{"line":25,"column":8},"end":{"line":25,"column":21}},"9":{"start":{"line":36,"column":0},"end":{"line":46,"column":1}},"10":{"start":{"line":37,"column":4},"end":{"line":40,"column":51}},"11":{"start":{"line":42,"column":4},"end":{"line":44,"column":5}},"12":{"start":{"line":43,"column":8},"end":{"line":43,"column":37}},"13":{"start":{"line":45,"column":4},"end":{"line":45,"column":61}}},"branchMap":{"1":{"line":42,"type":"if","locations":[{"start":{"line":42,"column":4},"end":{"line":42,"column":4}},{"start":{"line":42,"column":4},"end":{"line":42,"column":4}}]},"2":{"line":45,"type":"cond-expr","locations":[{"start":{"line":45,"column":17},"end":{"line":45,"column":41}},{"start":{"line":45,"column":44},"end":{"line":45,"column":60}}]},"3":{"line":45,"type":"binary-expr","locations":[{"start":{"line":45,"column":44},"end":{"line":45,"column":52}},{"start":{"line":45,"column":56},"end":{"line":45,"column":60}}]}}},"/var/www/dotenv-parser/lib/dotenv-lib.js":{"path":"/var/www/dotenv-parser/lib/dotenv-lib.js","s":{"1":1,"2":1,"3":1,"4":17,"5":1,"6":16,"7":1,"8":114,"9":100,"10":100},"b":{"1":[100,14]},"f":{"1":17,"2":16,"3":114},"fnMap":{"1":{"name":"setSettings","line":18,"loc":{"start":{"line":18,"column":0},"end":{"line":18,"column":31}}},"2":{"name":"readEnvFile","line":28,"loc":{"start":{"line":28,"column":0},"end":{"line":28,"column":32}}},"3":{"name":"setProcessEnv","line":37,"loc":{"start":{"line":37,"column":0},"end":{"line":37,"column":29}}}},"statementMap":{"1":{"start":{"line":3,"column":0},"end":{"line":8,"column":6}},"2":{"start":{"line":10,"column":0},"end":{"line":10,"column":59}},"3":{"start":{"line":18,"column":0},"end":{"line":20,"column":1}},"4":{"start":{"line":19,"column":4},"end":{"line":19,"column":48}},"5":{"start":{"line":28,"column":0},"end":{"line":30,"column":1}},"6":{"start":{"line":29,"column":4},"end":{"line":29,"column":85}},"7":{"start":{"line":37,"column":0},"end":{"line":46,"column":1}},"8":{"start":{"line":38,"column":4},"end":{"line":45,"column":5}},"9":{"start":{"line":39,"column":8},"end":{"line":42,"column":25}},"10":{"start":{"line":44,"column":8},"end":{"line":44,"column":45}}},"branchMap":{"1":{"line":38,"type":"if","locations":[{"start":{"line":38,"column":4},"end":{"line":38,"column":4}},{"start":{"line":38,"column":4},"end":{"line":38,"column":4}}]}}}}