TN:
SF:/var/www/dotenv-parser/dotenv-loader.js
FN:15,load
FN:36,get
FNF:2
FNH:2
FNDA:15,load
FNDA:19,get
DA:3,1
DA:8,1
DA:15,1
DA:16,15
DA:20,15
DA:21,15
DA:23,1
DA:25,15
DA:36,1
DA:37,19
DA:42,19
DA:43,3
DA:45,19
LF:13
LH:13
BRDA:42,1,0,3
BRDA:42,1,1,16
BRDA:45,2,0,14
BRDA:45,2,1,5
BRDA:45,3,0,5
BRDA:45,3,1,2
BRF:6
BRH:6
end_of_record
TN:
SF:/var/www/dotenv-parser/lib/dotenv-lib.js
FN:18,setSettings
FN:28,readEnvFile
FN:37,setProcessEnv
FNF:3
FNH:3
FNDA:17,setSettings
FNDA:16,readEnvFile
FNDA:114,setProcessEnv
DA:3,1
DA:10,1
DA:18,1
DA:19,17
DA:28,1
DA:29,16
DA:37,1
DA:38,114
DA:39,100
DA:44,100
LF:10
LH:10
BRDA:38,1,0,100
BRDA:38,1,1,14
BRF:2
BRH:2
end_of_record
