TN:
SF:/var/www/dotenv-parser/dotenv-loader.js
FN:19,load
FN:40,get
FN:58,_setSettings
FN:68,_readEnvFile
FN:77,_setProcessEnv
FNF:5
FNH:5
FNDA:15,load
FNDA:19,get
FNDA:17,_setSettings
FNDA:16,_readEnvFile
FNDA:114,_setProcessEnv
DA:3,1
DA:12,1
DA:19,1
DA:20,15
DA:24,15
DA:25,15
DA:27,1
DA:29,15
DA:40,1
DA:41,19
DA:46,19
DA:47,3
DA:49,19
DA:58,1
DA:59,17
DA:68,1
DA:69,16
DA:77,1
DA:78,114
DA:79,100
DA:84,100
LF:21
LH:21
BRDA:46,1,0,3
BRDA:46,1,1,16
BRDA:49,2,0,14
BRDA:49,2,1,5
BRDA:49,3,0,5
BRDA:49,3,1,2
BRDA:78,4,0,100
BRDA:78,4,1,14
BRF:8
BRH:8
end_of_record
